[    0.000000] Initializing cgroup subsys cpuset
[    0.000000] Initializing cgroup subsys cpu
[    0.000000] Initializing cgroup subsys cpuacct
[    0.000000] Linux version 4.4.0-130-generic (buildd@lgw01-amd64-039) (gcc version 5.4.0 20160609 (Ubuntu 5.4.0-6ubuntu1~16.04.9) ) #156-Ubuntu SMP Thu Jun 14 08:53:28 UTC 2018 (Ubuntu 4.4.0-130.156-generic 4.4.134)
[    0.000000] Command line: BOOT_IMAGE=/boot/vmlinuz-4.4.0-130-generic root=UUID=3f8b053c-f889-4ca6-8e0b-e03b6cc97a1c ro console=tty1 console=ttyS0
[    0.000000] KERNEL supported cpus:
[    0.000000]   Intel GenuineIntel
[    0.000000]   AMD AuthenticAMD
[    0.000000]   Centaur CentaurHauls
[    0.000000] x86/fpu: xstate_offset[2]:  576, xstate_sizes[2]:  256
[    0.000000] x86/fpu: Supporting XSAVE feature 0x01: 'x87 floating point registers'
[    0.000000] x86/fpu: Supporting XSAVE feature 0x02: 'SSE registers'
[    0.000000] x86/fpu: Supporting XSAVE feature 0x04: 'AVX registers'
[    0.000000] x86/fpu: Enabled xstate features 0x7, context size is 832 bytes, using 'standard' format.
[    0.000000] x86/fpu: Using 'eager' FPU context switches.
[    0.000000] e820: BIOS-provided physical RAM map:
[    0.000000] BIOS-e820: [mem 0x0000000000000000-0x000000000009fbff] usable
[    0.000000] BIOS-e820: [mem 0x000000000009fc00-0x000000000009ffff] reserved
[    0.000000] BIOS-e820: [mem 0x00000000000f0000-0x00000000000fffff] reserved
[    0.000000] BIOS-e820: [mem 0x0000000000100000-0x000000003ffeffff] usable
[    0.000000] BIOS-e820: [mem 0x000000003fff0000-0x000000003fffffff] ACPI data
[    0.000000] BIOS-e820: [mem 0x00000000fec00000-0x00000000fec00fff] reserved
[    0.000000] BIOS-e820: [mem 0x00000000fee00000-0x00000000fee00fff] reserved
[    0.000000] BIOS-e820: [mem 0x00000000fffc0000-0x00000000ffffffff] reserved
[    0.000000] NX (Execute Disable) protection: active
[    0.000000] SMBIOS 2.5 present.
[    0.000000] Hypervisor detected: KVM
[    0.000000] e820: last_pfn = 0x3fff0 max_arch_pfn = 0x400000000
[    0.000000] MTRR: Disabled
[    0.000000] x86/PAT: MTRRs disabled, skipping PAT initialization too.
[    0.000000] CPU MTRRs all blank - virtualized system.
[    0.000000] x86/PAT: Configuration [0-7]: WB  WT  UC- UC  WB  WT  UC- UC  
[    0.000000] found SMP MP-table at [mem 0x0009fff0-0x0009ffff] mapped at [ffff88000009fff0]
[    0.000000] Scanning 1 areas for low memory corruption
[    0.000000] RAMDISK: [mem 0x361f4000-0x370f1fff]
[    0.000000] ACPI: Early table checksum verification disabled
[    0.000000] ACPI: RSDP 0x00000000000E0000 000024 (v02 VBOX  )
[    0.000000] ACPI: XSDT 0x000000003FFF0030 00003C (v01 VBOX   VBOXXSDT 00000001 ASL  00000061)
[    0.000000] ACPI: FACP 0x000000003FFF00F0 0000F4 (v04 VBOX   VBOXFACP 00000001 ASL  00000061)
[    0.000000] ACPI: DSDT 0x000000003FFF0470 0021FF (v02 VBOX   VBOXBIOS 00000002 INTL 20100528)
[    0.000000] ACPI: FACS 0x000000003FFF0200 000040
[    0.000000] ACPI: FACS 0x000000003FFF0200 000040
[    0.000000] ACPI: APIC 0x000000003FFF0240 00005C (v02 VBOX   VBOXAPIC 00000001 ASL  00000061)
[    0.000000] ACPI: SSDT 0x000000003FFF02A0 0001CC (v01 VBOX   VBOXCPUT 00000002 INTL 20100528)
[    0.000000] No NUMA configuration found
[    0.000000] Faking a node at [mem 0x0000000000000000-0x000000003ffeffff]
[    0.000000] NODE_DATA(0) allocated [mem 0x3ffeb000-0x3ffeffff]
[    0.000000] kvm-clock: Using msrs 4b564d01 and 4b564d00
[    0.000000] kvm-clock: cpu 0, msr 0:3ffe3001, primary cpu clock
[    0.000000] kvm-clock: using sched offset of 4600064339 cycles
[    0.000000] clocksource: kvm-clock: mask: 0xffffffffffffffff max_cycles: 0x1cd42e4dffb, max_idle_ns: 881590591483 ns
[    0.000000] Zone ranges:
[    0.000000]   DMA      [mem 0x0000000000001000-0x0000000000ffffff]
[    0.000000]   DMA32    [mem 0x0000000001000000-0x000000003ffeffff]
[    0.000000]   Normal   empty
[    0.000000]   Device   empty
[    0.000000] Movable zone start for each node
[    0.000000] Early memory node ranges
[    0.000000]   node   0: [mem 0x0000000000001000-0x000000000009efff]
[    0.000000]   node   0: [mem 0x0000000000100000-0x000000003ffeffff]
[    0.000000] Initmem setup node 0 [mem 0x0000000000001000-0x000000003ffeffff]
[    0.000000] ACPI: PM-Timer IO Port: 0x4008
[    0.000000] IOAPIC[0]: apic_id 2, version 32, address 0xfec00000, GSI 0-23
[    0.000000] ACPI: INT_SRC_OVR (bus 0 bus_irq 0 global_irq 2 dfl dfl)
[    0.000000] ACPI: INT_SRC_OVR (bus 0 bus_irq 9 global_irq 9 high level)
[    0.000000] Using ACPI (MADT) for SMP configuration information
[    0.000000] smpboot: Allowing 2 CPUs, 0 hotplug CPUs
[    0.000000] PM: Registered nosave memory: [mem 0x00000000-0x00000fff]
[    0.000000] PM: Registered nosave memory: [mem 0x0009f000-0x0009ffff]
[    0.000000] PM: Registered nosave memory: [mem 0x000a0000-0x000effff]
[    0.000000] PM: Registered nosave memory: [mem 0x000f0000-0x000fffff]
[    0.000000] e820: [mem 0x40000000-0xfebfffff] available for PCI devices
[    0.000000] Booting paravirtualized kernel on KVM
[    0.000000] clocksource: refined-jiffies: mask: 0xffffffff max_cycles: 0xffffffff, max_idle_ns: 7645519600211568 ns
[    0.000000] setup_percpu: NR_CPUS:512 nr_cpumask_bits:512 nr_cpu_ids:2 nr_node_ids:1
[    0.000000] PERCPU: Embedded 34 pages/cpu @ffff88003fc00000 s99544 r8192 d31528 u1048576
[    0.000000] PV qspinlock hash table entries: 256 (order: 0, 4096 bytes)
[    0.000000] Built 1 zonelists in Node order, mobility grouping on.  Total pages: 257912
[    0.000000] Policy zone: DMA32
[    0.000000] Kernel command line: BOOT_IMAGE=/boot/vmlinuz-4.4.0-130-generic root=UUID=3f8b053c-f889-4ca6-8e0b-e03b6cc97a1c ro console=tty1 console=ttyS0
[    0.000000] PID hash table entries: 4096 (order: 3, 32768 bytes)
[    0.000000] Memory: 997164K/1048120K available (8546K kernel code, 1313K rwdata, 4000K rodata, 1516K init, 1316K bss, 50956K reserved, 0K cma-reserved)
[    0.000000] SLUB: HWalign=64, Order=0-3, MinObjects=0, CPUs=2, Nodes=1
[    0.000000] Kernel/User page tables isolation: enabled
[    0.000000] Hierarchical RCU implementation.
[    0.000000] 	Build-time adjustment of leaf fanout to 64.
[    0.000000] 	RCU restricting CPUs from NR_CPUS=512 to nr_cpu_ids=2.
[    0.000000] RCU: Adjusting geometry for rcu_fanout_leaf=64, nr_cpu_ids=2
[    0.000000] NR_IRQS:33024 nr_irqs:440 16
[    0.000000] Console: colour VGA+ 80x25
[    0.000000] console [tty1] enabled
[    0.000000] console [ttyS0] enabled
[    0.000000] tsc: Detected 2899.998 MHz processor
[    4.341792] Calibrating delay loop (skipped) preset value.. 5799.99 BogoMIPS (lpj=11599992)
[    4.428301] pid_max: default: 32768 minimum: 301
[    4.465198] ACPI: Core revision 20150930
[    4.468753] ACPI: 2 ACPI AML tables successfully acquired and loaded
[    4.489523] Security Framework initialized
[    4.500790] Yama: becoming mindful.
[    4.504193] AppArmor: AppArmor initialized
[    4.511053] Dentry cache hash table entries: 131072 (order: 8, 1048576 bytes)
[    4.532046] Inode-cache hash table entries: 65536 (order: 7, 524288 bytes)
[    4.564251] Mount-cache hash table entries: 2048 (order: 2, 16384 bytes)
[    4.572048] Mountpoint-cache hash table entries: 2048 (order: 2, 16384 bytes)
[    4.683554] Initializing cgroup subsys io
[    4.687876] Initializing cgroup subsys memory
[    4.692719] Initializing cgroup subsys devices
[    4.731767] Initializing cgroup subsys freezer
[    4.792342] Initializing cgroup subsys net_cls
[    4.812885] Initializing cgroup subsys perf_event
[    4.824246] Initializing cgroup subsys net_prio
[    4.838526] Initializing cgroup subsys hugetlb
[    4.853300] Initializing cgroup subsys pids
[    4.855237] CPU: Physical Processor ID: 0
[    4.866389] CPU: Processor Core ID: 0
[    4.876862] mce: CPU supports 0 MCE banks
[    4.889479] Last level iTLB entries: 4KB 64, 2MB 8, 4MB 8
[    4.914301] Last level dTLB entries: 4KB 64, 2MB 0, 4MB 0, 1GB 4
[    4.923869] Spectre V2 : Mitigation: Full generic retpoline
[    4.944646] Spectre V2 : Speculation control IBPB not-supported IBRS not-supported
[    5.022839] Speculative Store Bypass: Vulnerable
[    5.045801] Freeing SMP alternatives memory: 32K
[    5.063467] ftrace: allocating 32245 entries in 126 pages
[    5.145597] smpboot: APIC(0) Converting physical 0 to logical package 0
[    5.169306] smpboot: Max logical packages: 1
[    5.175581] x2apic enabled
[    5.183070] Switched APIC routing to physical x2apic.
[    5.194061] ..TIMER: vector=0x30 apic1=0 pin1=2 apic2=-1 pin2=-1
[    5.319653] smpboot: CPU0: Intel(R) Core(TM) i5-5287U CPU @ 2.90GHz (family: 0x6, model: 0x3d, stepping: 0x4)
[    5.369786] Performance Events: unsupported p6 CPU model 61 no PMU driver, software events only.
[    5.373246] KVM setup paravirtual spinlock
[    5.376056] x86: Booting SMP configuration:
[    5.392850] .... node  #0, CPUs:      #1
[    5.394988] kvm-clock: cpu 1, msr 0:3ffe3041, secondary cpu clock
[    5.422371] mce: CPU supports 0 MCE banks
[    5.493297] x86: Booted up 1 node, 2 CPUs
[    5.517910] smpboot: Total of 2 processors activated (11599.99 BogoMIPS)
[    5.569105] devtmpfs: initialized
[    5.572062] evm: security.selinux
[    5.579691] evm: security.SMACK64
[    5.582852] evm: security.SMACK64EXEC
[    5.589233] evm: security.SMACK64TRANSMUTE
[    5.598773] evm: security.SMACK64MMAP
[    5.603523] evm: security.ima
[    5.608055] evm: security.capability
[    5.615492] clocksource: jiffies: mask: 0xffffffff max_cycles: 0xffffffff, max_idle_ns: 7645041785100000 ns
[    5.630571] futex hash table entries: 512 (order: 3, 32768 bytes)
[    5.640808] pinctrl core: initialized pinctrl subsystem
[    5.650685] RTC time:  6:07:45, date: 08/07/18
[    5.664302] NET: Registered protocol family 16
[    5.688277] cpuidle: using governor ladder
[    5.724620] cpuidle: using governor menu
[    5.771363] PCCT header not found.
[    5.827812] ACPI: bus type PCI registered
[    5.869943] acpiphp: ACPI Hot Plug PCI Controller Driver version: 0.5
[    5.948237] PCI: Using configuration type 1 for base access
[    5.974076] ACPI: Added _OSI(Module Device)
[    6.042708] ACPI: Added _OSI(Processor Device)
[    6.078380] ACPI: Added _OSI(3.0 _SCP Extensions)
[    6.130075] ACPI: Added _OSI(Processor Aggregator Device)
[    6.132601] ACPI: Executed 1 blocks of module-level executable AML code
[    6.169742] ACPI: Interpreter enabled
[    6.227406] ACPI: (supports S0 S5)
[    6.234129] ACPI: Using IOAPIC for interrupt routing
[    6.236025] PCI: Using host bridge windows from ACPI; if necessary, use "pci=nocrs" and report a bug
[    6.256403] ACPI: PCI Root Bridge [PCI0] (domain 0000 [bus 00-ff])
[    6.296923] acpi PNP0A03:00: _OSC: OS supports [ASPM ClockPM Segments MSI]
[    6.345827] acpi PNP0A03:00: _OSC: not requesting OS control; OS requires [ExtendedConfig ASPM ClockPM MSI]
[    6.412804] acpi PNP0A03:00: fail to add MMCONFIG information, can't access extended PCI configuration space under this bridge.
[    6.526877] PCI host bridge to bus 0000:00
[    6.558781] pci_bus 0000:00: root bus resource [io  0x0000-0x0cf7 window]
[    6.628780] pci_bus 0000:00: root bus resource [io  0x0d00-0xffff window]
[    6.680793] pci_bus 0000:00: root bus resource [mem 0x000a0000-0x000bffff window]
[    6.697320] pci_bus 0000:00: root bus resource [mem 0x40000000-0xffdfffff window]
[    6.724223] pci_bus 0000:00: root bus resource [bus 00-ff]
[    6.754436] pci 0000:00:01.1: legacy IDE quirk: reg 0x10: [io  0x01f0-0x01f7]
[    6.794031] pci 0000:00:01.1: legacy IDE quirk: reg 0x14: [io  0x03f6]
[    6.860576] pci 0000:00:01.1: legacy IDE quirk: reg 0x18: [io  0x0170-0x0177]
[    6.949609] pci 0000:00:01.1: legacy IDE quirk: reg 0x1c: [io  0x0376]
[    6.989735] pci 0000:00:07.0: quirk: [io  0x4000-0x403f] claimed by PIIX4 ACPI
[    7.034171] pci 0000:00:07.0: quirk: [io  0x4100-0x410f] claimed by PIIX4 SMB
[    7.099886] ACPI: PCI Interrupt Link [LNKA] (IRQs 5 9 10 *11)
[    7.151739] ACPI: PCI Interrupt Link [LNKB] (IRQs 5 9 10 *11)
[    7.181566] ACPI: PCI Interrupt Link [LNKC] (IRQs 5 9 *10 11)
[    7.231787] ACPI: PCI Interrupt Link [LNKD] (IRQs 5 *9 10 11)
[    7.281595] ACPI: Enabled 2 GPEs in block 00 to 07
[    7.330193] vgaarb: setting as boot device: PCI:0000:00:02.0
[    7.407889] vgaarb: device added: PCI:0000:00:02.0,decodes=io+mem,owns=io+mem,locks=none
[    7.470050] vgaarb: loaded
[    7.505888] vgaarb: bridge control possible 0000:00:02.0
[    7.570280] SCSI subsystem initialized
[    7.610178] ACPI: bus type USB registered
[    7.650166] usbcore: registered new interface driver usbfs
[    7.699126] usbcore: registered new interface driver hub
[    7.711258] usbcore: registered new device driver usb
[    7.766494] PCI: Using ACPI for IRQ routing
[    7.791840] NetLabel: Initializing
[    7.793089] NetLabel:  domain hash size = 128
[    7.823525] NetLabel:  protocols = UNLABELED CIPSOv4
[    7.840597] NetLabel:  unlabeled traffic allowed by default
[    7.891610] amd_nb: Cannot enumerate AMD northbridges
[    7.948720] clocksource: Switched to clocksource kvm-clock
[    8.002196] AppArmor: AppArmor Filesystem Enabled
[    8.125080] pnp: PnP ACPI init
[    8.169217] pnp: PnP ACPI: found 3 devices
[    8.288551] clocksource: acpi_pm: mask: 0xffffff max_cycles: 0xffffff, max_idle_ns: 2085701024 ns
[    8.406598] NET: Registered protocol family 2
[    8.527549] TCP established hash table entries: 8192 (order: 4, 65536 bytes)
[    8.700171] TCP bind hash table entries: 8192 (order: 5, 131072 bytes)
[    8.837256] TCP: Hash tables configured (established 8192 bind 8192)
[    8.883727] UDP hash table entries: 512 (order: 2, 16384 bytes)
[    9.010550] UDP-Lite hash table entries: 512 (order: 2, 16384 bytes)
[    9.128981] NET: Registered protocol family 1
[    9.130478] pci 0000:00:00.0: Limiting direct PCI/PCI transfers
[    9.264984] pci 0000:00:01.0: Activating ISA DMA hang workarounds
[    9.385069] Unpacking initramfs...
[    9.660546] Freeing initrd memory: 15352K
[    9.707618] RAPL PMU detected, API unit is 2^-32 Joules, 4 fixed counters 10737418240 ms ovfl timer
[    9.857284] hw unit of domain pp0-core 2^-0 Joules
[    9.906383] hw unit of domain package 2^-0 Joules
[    9.996886] hw unit of domain dram 2^-0 Joules
[   10.022867] hw unit of domain pp1-gpu 2^-0 Joules
[   10.053149] platform rtc_cmos: registered platform RTC device (no PNP device found)
[   10.154601] Scanning for low memory corruption every 60 seconds
[   10.234706] audit: initializing netlink subsys (disabled)
[   10.306816] audit: type=2000 audit(1533622069.271:1): initialized
[   10.391165] Initialise system trusted keyring
[   10.453912] HugeTLB registered 2 MB page size, pre-allocated 0 pages
[   10.526696] zbud: loaded
[   10.554055] VFS: Disk quotas dquot_6.6.0
[   10.653051] VFS: Dquot-cache hash table entries: 512 (order 0, 4096 bytes)
[   10.788300] squashfs: version 4.0 (2009/01/31) Phillip Lougher
[   10.933643] fuse init (API version 7.23)
[   11.016700] Key type big_key registered
[   11.108334] tsc: Refined TSC clocksource calibration: 2899.941 MHz
[   11.129400] Allocating IMA MOK and blacklist keyrings.
[   11.152110] clocksource: tsc: mask: 0xffffffffffffffff max_cycles: 0x29cd0b05930, max_idle_ns: 440795225263 ns
[   11.185915] Key type asymmetric registered
[   11.236839] Asymmetric key parser 'x509' registered
[   11.289256] Block layer SCSI generic (bsg) driver version 0.4 loaded (major 249)
[   11.318772] io scheduler noop registered
[   11.378144] io scheduler deadline registered (default)
[   11.478596] io scheduler cfq registered
[   11.546756] pci_hotplug: PCI Hot Plug PCI Core version: 0.5
[   11.633024] pciehp: PCI Express Hot Plug Controller Driver version: 0.4
[   11.734473] ACPI: AC Adapter [AC] (on-line)
[   11.798221] input: Power Button as /devices/LNXSYSTM:00/LNXPWRBN:00/input/input0
[   11.878030] ACPI: Power Button [PWRF]
[   11.920014] input: Sleep Button as /devices/LNXSYSTM:00/LNXSLPBN:00/input/input1
[   12.018630] ACPI: Sleep Button [SLPF]
[   12.050098] ACPI: Battery Slot [BAT0] (battery present)
[   12.124214] GHES: HEST is not enabled!
[   12.206232] Serial: 8250/16550 driver, 32 ports, IRQ sharing enabled
[   12.313303] 00:02: ttyS0 at I/O 0x3f8 (irq = 4, base_baud = 115200) is a 16550A
[   12.337710] Linux agpgart interface v0.103
[   12.364552] loop: module loaded
[   12.373995] scsi host0: ata_piix
[   12.410990] scsi host1: ata_piix
[   12.421426] ata1: PATA max UDMA/33 cmd 0x1f0 ctl 0x3f6 bmdma 0xd000 irq 14
[   12.433051] ata2: PATA max UDMA/33 cmd 0x170 ctl 0x376 bmdma 0xd008 irq 15
[   12.462465] libphy: Fixed MDIO Bus: probed
[   12.507796] tun: Universal TUN/TAP device driver, 1.6
[   12.519094] tun: (C) 1999-2004 Max Krasnyansky <maxk@qualcomm.com>
[   12.521249] PPP generic driver version 2.4.2
[   12.553796] ehci_hcd: USB 2.0 'Enhanced' Host Controller (EHCI) Driver
[   12.601574] ehci-pci: EHCI PCI platform driver
[   12.647374] ehci-platform: EHCI generic platform driver
[   12.658978] ohci_hcd: USB 1.1 'Open' Host Controller (OHCI) Driver
[   12.660963] ohci-pci: OHCI PCI platform driver
[   12.662501] ohci-platform: OHCI generic platform driver
[   12.665667] uhci_hcd: USB Universal Host Controller Interface driver
[   12.677889] i8042: PNP: PS/2 Controller [PNP0303:PS2K,PNP0f03:PS2M] at 0x60,0x64 irq 1,12
[   12.708682] serio: i8042 KBD port at 0x60,0x64 irq 1
[   12.753852] serio: i8042 AUX port at 0x60,0x64 irq 12
[   12.755710] mousedev: PS/2 mouse device common for all mice
[   12.856492] input: AT Translated Set 2 keyboard as /devices/platform/i8042/serio0/input/input2
[   13.036337] rtc_cmos rtc_cmos: rtc core: registered rtc_cmos as rtc0
[   13.054216] rtc_cmos rtc_cmos: alarms up to one day, 114 bytes nvram
[   13.110910] i2c /dev entries driver
[   13.165648] device-mapper: uevent: version 1.0.3
[   13.178166] device-mapper: ioctl: 4.34.0-ioctl (2015-10-28) initialised: dm-devel@redhat.com
[   13.248511] ledtrig-cpu: registered to indicate activity on CPUs
[   13.365537] NET: Registered protocol family 10
[   13.405034] NET: Registered protocol family 17
[   13.431591] Key type dns_resolver registered
[   13.450269] registered taskstats version 1
[   13.508144] Loading compiled-in X.509 certificates
[   13.595813] Loaded X.509 cert 'Build time autogenerated kernel key: b3e0fe4bcd6378c38a2c0a4648abbc1fa5043a22'
[   13.791003] zswap: loaded using pool lzo/zbud
[   13.863538] Key type trusted registered
[   13.898955] Key type encrypted registered
[   13.948437] AppArmor: AppArmor sha1 policy hashing enabled
[   14.012343] ima: No TPM chip found, activating TPM-bypass!
[   14.083531] ima: Allocated hash algorithm: sha1
[   14.098354] evm: HMAC attrs: 0x1
[   14.142705]   Magic number: 14:236:114
[   14.202803] rtc_cmos rtc_cmos: setting system clock to 2018-08-07 06:07:53 UTC (1533622073)
[   14.303667] BIOS EDD facility v0.16 2004-Jun-25, 0 devices found
[   14.388204] EDD information not available.
[   14.489751] Freeing unused kernel memory: 1516K
[   14.507670] Write protecting the kernel read-only data: 14336k
[   14.608651] Freeing unused kernel memory: 1680K
[   14.698029] Freeing unused kernel memory: 96K
Loading, please [   14.771173] random: systemd-udevd: uninitialized urandom read (16 bytes read, 7 bits of entropy available)
wait...
startin[   14.771761] random: udevadm: uninitialized urandom read (16 bytes read, 7 bits of entropy available)
g version 229
[   14.771778] random: udevadm: uninitialized urandom read (16 bytes read, 7 bits of entropy available)
[   14.778929] random: udevadm: uninitialized urandom read (16 bytes read, 7 bits of entropy available)
[   14.778968] random: udevadm: uninitialized urandom read (16 bytes read, 7 bits of entropy available)
[   14.779080] random: udevadm: uninitialized urandom read (16 bytes read, 7 bits of entropy available)
[   14.779183] random: udevadm: uninitialized urandom read (16 bytes read, 7 bits of entropy available)
[   14.779246] random: udevadm: uninitialized urandom read (16 bytes read, 7 bits of entropy available)
[   14.779288] random: udevadm: uninitialized urandom read (16 bytes read, 7 bits of entropy available)
[   14.779330] random: udevadm: uninitialized urandom read (16 bytes read, 7 bits of entropy available)
[   15.749705] e1000: Intel(R) PRO/1000 Network Driver - version 7.3.21-k8-NAPI
[   15.809159] e1000: Copyright (c) 1999-2006 Intel Corporation.
[   15.822220] Fusion MPT base driver 3.04.20
[   15.839917] Copyright (c) 1999-2008 LSI Corporation
[   15.863032] Fusion MPT SPI Host driver 3.04.20
[   15.886843] AVX version of gcm_enc/dec engaged.
[   15.905150] AES CTR mode by8 optimization enabled
[   16.143316] input: ImExPS/2 Generic Explorer Mouse as /devices/platform/i8042/serio1/input/input4
[   16.263674] e1000 0000:00:03.0 eth0: (PCI:33MHz:32-bit) 02:dd:f6:ca:b5:3d
[   16.366452] e1000 0000:00:03.0 eth0: Intel(R) PRO/1000 Network Connection
[   16.396861] mptbase: ioc0: Initiating bringup
[   16.397334] e1000 0000:00:03.0 enp0s3: renamed from eth0
[   16.541142] ioc0: LSI53C1030 A0: Capabilities={Initiator}
[   16.742504] scsi host2: ioc0: LSI53C1030 A0, FwRev=00000000h, Ports=1, MaxQ=256, IRQ=20
[   17.006011] scsi 2:0:0:0: Direct-Access     VBOX     HARDDISK         1.0  PQ: 0 ANSI: 5
[   17.157676] scsi target2:0:0: Beginning Domain Validation
[   17.220984] scsi target2:0:0: Domain Validation skipping write tests
[   17.329429] scsi target2:0:0: Ending Domain Validation
[   17.380877] scsi target2:0:0: asynchronous
[   17.431817] scsi 2:0:1:0: Direct-Access     VBOX     HARDDISK         1.0  PQ: 0 ANSI: 5
[   17.492265] scsi target2:0:1: Beginning Domain Validation
[   17.545137] scsi target2:0:1: Domain Validation skipping write tests
[   17.635910] scsi target2:0:1: Ending Domain Validation
[   17.687614] scsi target2:0:1: asynchronous
[   17.725488] sd 2:0:0:0: Attached scsi generic sg0 type 0
[   17.734648] sd 2:0:0:0: [sda] 20971520 512-byte logical blocks: (10.7 GB/10.0 GiB)
[   17.737668] sd 2:0:0:0: [sda] Write Protect is off
[   17.737841] sd 2:0:1:0: Attached scsi generic sg1 type 0
[   17.796650] sd 2:0:1:0: [sdb] 20480 512-byte logical blocks: (10.5 MB/10.0 MiB)
[   17.796873] sd 2:0:0:0: [sda] Incomplete mode parameter data
[   17.796876] sd 2:0:0:0: [sda] Assuming drive cache: write through
[   17.871507]  sda: sda1
[   17.872393] sd 2:0:0:0: [sda] Attached SCSI disk
[   17.978872] sd 2:0:1:0: [sdb] Write Protect is off
[   18.022330] sd 2:0:1:0: [sdb] Incomplete mode parameter data
[   18.136613] sd 2:0:1:0: [sdb] Assuming drive cache: write through
[   18.192439] sd 2:0:1:0: [sdb] Attached SCSI disk
Begin: Loading essential drivers[   19.774425] md: linear personality registered for level -1
 ... [   19.796313] md: multipath personality registered for level -4
[   19.826145] md: raid0 personality registered for level 0
[   19.843026] md: raid1 personality registered for level 1
[   19.925116] raid6: sse2x1   gen()  4475 MB/s
[   20.001319] raid6: sse2x1   xor()  3957 MB/s
[   20.097942] raid6: sse2x2   gen()  4369 MB/s
[   20.193437] raid6: sse2x2   xor()  2109 MB/s
[   20.293369] raid6: sse2x4   gen()  2958 MB/s
[   20.413906] raid6: sse2x4   xor()   719 MB/s
[   20.449871] raid6: using algorithm sse2x1 gen() 4475 MB/s
[   20.487852] raid6: .... xor() 3957 MB/s, rmw enabled
[   20.509862] raid6: using ssse3x2 recovery algorithm
[   20.541002] xor: automatically using best checksumming function:
[   20.625033]    avx       : 18839.000 MB/sec
[   20.683548] async_tx: api initialized (async)
[   20.766582] md: raid6 personality registered for level 6
[   20.798654] md: raid5 personality registered for level 5
[   20.816537] md: raid4 personality registered for level 4
[   20.855121] md: raid10 personality registered for level 10
done.
Begin: Running /scripts/init-premount ...[   20.920185] Btrfs loaded
 done.
Begin: Mounting root file system ... Begin: Running /scripts/local-top ... done.
Begin: Running /scripts/local-premount ... Scanning for Btrfs filesystems
done.
Warning: fsck not present, so sk[   20.999283] EXT4-fs (sda1): mounted filesystem with ordered data mode. Opts: (null)
ipping root file system
done.
Begin: Running /scripts/local-bottom ... done.
Begin: Running /scripts/init-bottom ... done.
[   21.372610] systemd[1]: systemd 229 running in system mode. (+PAM +AUDIT +SELINUX +IMA +APPARMOR +SMACK +SYSVINIT +UTMP +LIBCRYPTSETUP +GCRYPT +GNUTLS +ACL +XZ -LZ4 +SECCOMP +BLKID +ELFUTILS +KMOD -IDN)
[   21.426619] systemd[1]: Detected virtualization oracle.
[   21.430673] systemd[1]: Detected architecture x86-64.

Welcome to [1mUbuntu 16.04.4 LTS[0m!

[   21.476467] systemd[1]: Set hostname to <ubuntu-xenial>.
[   22.037306] systemd[1]: Listening on udev Kernel Socket.
[[0;32m  OK  [0m] Listening on udev Kernel Socket.
[   22.114744] systemd[1]: Started Trigger resolvconf update for networkd DNS.
[[0;32m  OK  [0m] Started Trigger resolvconf update for networkd DNS.
[   22.201586] systemd[1]: Listening on /dev/initctl Compatibility Named Pipe.
[[0;32m  OK  [0m] Listening on /dev/initctl Compatibility Named Pipe.
[   22.254154] systemd[1]: Reached target Encrypted Volumes.
[[0;32m  OK  [0m] Reached target Encrypted Volumes.
[   22.310758] systemd[1]: Set up automount Arbitrary Executable File Formats File System Automount Point.
[[0;32m  OK  [0m] Set up automount Arbitrary Executab...ats File System Automount Point.
[   22.382504] systemd[1]: Listening on Journal Socket (/dev/log).
[[0;32m  OK  [0m] Listening on Journal Socket (/dev/log).
[   22.409650] systemd[1]: Created slice User and Session Slice.
[[0;32m  OK  [0m] Created slice User and Session Slice.
[   22.453294] systemd[1]: Listening on Device-mapper event daemon FIFOs.
[[0;32m  OK  [0m] Listening on Device-mapper event daemon FIFOs.
[   22.541404] systemd[1]: Started Forward Password Requests to Wall Directory Watch.
[[0;32m  OK  [0m] Started Forward Password Requests to Wall Directory Watch.
[   22.589132] systemd[1]: Listening on udev Control Socket.
[[0;32m  OK  [0m] Listening on udev Control Socket.
[   22.661165] systemd[1]: Listening on LVM2 metadata daemon socket.
[[0;32m  OK  [0m] Listening on LVM2 metadata daemon socket.
[   22.721484] systemd[1]: Created slice System Slice.
[[0;32m  OK  [0m] Created slice System Slice.
[   22.793499] systemd[1]: Created slice system-serial\x2dgetty.slice.
[[0;32m  OK  [0m] Created slice system-serial\x2dgetty.slice.
[   22.828195] systemd[1]: Reached target System Time Synchronized.
[[0;32m  OK  [0m] Reached target System Time Synchronized.
[   22.865685] random: nonblocking pool is initialized
[   22.908702] systemd[1]: Listening on Journal Socket.
[[0;32m  OK  [0m] Listening on Journal Socket.
[   22.968264] systemd[1]: Starting Monitoring of LVM2 mirrors, snapshots etc. using dmeventd or progress polling...
         Starting Monitoring of LVM2 mirrors... dmeventd or progress polling...
[   23.049222] systemd[1]: Starting Create list of required static device nodes for the current kernel...
         Starting Create list of required st... nodes for the current kernel...
[   23.165499] systemd[1]: Starting Set console keymap...
         Starting Set console keymap...
[   23.253395] systemd[1]: Starting Nameserver information manager...
         Starting Nameserver information manager...
[   23.325534] systemd[1]: Starting Remount Root and Kernel File Systems...
[   23.335600] EXT4-fs (sda1): re-mounted. Opts: (null)
         Starting Remount Root and Kernel File Systems...
[   23.411316] systemd[1]: Starting Uncomplicated firewall...
         Starting Uncomplicated firewall...
[   23.581997] systemd[1]: Starting Load Kernel Modules...
[   23.606452] Loading iSCSI transport class v2.0-870.
         Starting Load Kernel Modules...
[   23.659519] iscsi: registered transport (tcp)
[   23.689920] systemd[1]: Mounting Debug File System...
         Mounting Debug File System...
[   23.799342] systemd[1]: Mounting POSIX Message Queue File System...
[   24.067457] iscsi: registered transport (iser)
         Mounting POSIX Message Queue File System...
[   24.113731] systemd[1]: Reached target Swap.
[[0;32m  OK  [0m] Reached target Swap.
[   24.190927] systemd[1]: Listening on Journal Audit Socket.
[[0;32m  OK  [0m] Listening on Journal Audit Socket.
[   24.335145] systemd[1]: Reached target Slices.
[[0;32m  OK  [0m] Reached target Slices.
[   24.601271] systemd[1]: Mounting Huge Pages File System...
         Mounting Huge Pages File System...
[   24.825728] systemd[1]: Reached target User and Group Name Lookups.
[[0;32m  OK  [0m] Reached target User and Group Name Lookups.
[   24.866697] systemd[1]: Listening on LVM2 poll daemon socket.
[[0;32m  OK  [0m] Listening on LVM2 poll daemon socket.
[   24.897337] systemd[1]: Listening on Syslog Socket.
[[0;32m  OK  [0m] Listening on Syslog Socket.
[   25.245071] systemd[1]: Starting Journal Service...
         Starting Journal Service...
[   25.522107] systemd[1]: Mounted POSIX Message Queue File System.
[[0;32m  OK  [0m] Mounted POSIX Message Queue File System.
[   25.634105] systemd[1]: Mounted Huge Pages File System.
[[0;32m  OK  [0m] Mounted Huge Pages File System.
[   25.706169] systemd[1]: Mounted Debug File System.
[[0;32m  OK  [0m] Mounted Debug File System.
[   25.813632] systemd[1]: Started Journal Service.
[[0;32m  OK  [0m] Started Journal Service.
[[0;32m  OK  [0m] Started Create list of required sta...ce nodes for the current kernel.
[[0;32m  OK  [0m] Started Set console keymap.
[[0;32m  OK  [0m] Started Remount Root and Kernel File Systems.
[[0;32m  OK  [0m] Started Uncomplicated firewall.
[[0;32m  OK  [0m] Started Load Kernel Modules.
[[0;32m  OK  [0m] Started Nameserver information manager.
[[0;32m  OK  [0m] Started LVM2 metadata daemon.
         Mounting FUSE Control File System...
         Starting Apply Kernel Variables...
         Starting Load/Save Random Seed...
         Starting udev Coldplug all Devices...
         Starting Create Static Device Nodes in /dev...
         Starting Flush Journal to Persistent Storage...
[[0;32m  OK  [0m] Mounted FUSE Control File System.
[[0;32m  OK  [0m] Started Monitoring of LVM2 mirrors,...ng dmeventd or progress polling.
[[0;32m  OK  [0m] Started Apply Kernel Variables.
[[0;32m  OK  [0m] Started Load/Save Random Seed.
[[0;32m  OK  [0m] Started Create Static Device Nodes in /dev.
[[0;32m  OK  [0m] Started udev Coldplug all Devices.
         Starting udev Kernel Device Manager...
[[0;32m  OK  [0m] Started Flush Journal to Persistent Storage.
[[0;32m  OK  [0m] Started udev Kernel Device Manager.
[[0;32m  OK  [0m] Started Dispatch Password Requests to Console Directory Watch.
[[0;32m  OK  [0m] Reached target Local File Systems (Pre).
[[0;32m  OK  [0m] Reached target Local File Systems.
         Starting Initial cloud-init job (pre-networking)...
         Starting Set console font and keymap...
         Starting LSB: AppArmor initialization...
         Starting Create Volatile Files and Directories...
         Starting Tell Plymouth To Write Out Runtime Data...
[[0;32m  OK  [0m] Started Create Volatile Files and Directories.
[[0;32m  OK  [0m] Started Tell Plymouth To Write Out Runtime Data.
[[0;32m  OK  [0m] Found device /dev/ttyS0.
[[0;32m  OK  [0m] Started LSB: AppArmor initialization.
[[0;32m  OK  [0m] Listening on Load/Save RF Kill Switch Status /dev/rfkill Watch.
         Starting Update UTMP about System Boot/Shutdown...
[[0;32m  OK  [0m] Started Set console font and keymap.
[[0;32m  OK  [0m] Started Update UTMP about System Boot/Shutdown.
[[0;32m  OK  [0m] Created slice system-getty.slice.
[   22.785824] cloud-init[481]: Cloud-init v. 18.2 running 'init-local' at Tue, 07 Aug 2018 06:08:08 +0000. Up 22.35 seconds.
[[0;32m  OK  [0m] Started Initial cloud-init job (pre-networking).
[[0;32m  OK  [0m] Reached target Network (Pre).
         Starting Raise network interfaces...
[[0;32m  OK  [0m] Started ifup for enp0s3.
[[0;32m  OK  [0m] Started Raise network interfaces.
         Starting Initial cloud-init job (metadata service crawler)...
[[0;32m  OK  [0m] Reached target Network.
[   23.928076] cloud-init[985]: Cloud-init v. 18.2 running 'init' at Tue, 07 Aug 2018 06:08:10 +0000. Up 23.49 seconds.
[   24.072504] cloud-init[985]: ci-info: +++++++++++++++++++++++++++++++++++++Net device info++++++++++++++++++++++++++++++++++++++
[   24.072979] cloud-init[985]: ci-info: +--------+------+----------------------------+---------------+-------+-------------------+
[[0;32m  OK  [0m] Started Initial cloud-init job (metadata service crawler).
[   24.073198] cloud-init[985]: ci-info: | Device |  Up  |          Address           |      Mask     | Scope |     Hw-Address    |
[   24.477075] cloud-init[985]: ci-info: +--------+------+----------------------------+---------------+-------+-------------------+
[   24.477888] cloud-init[985]: ci-info: | enp0s3 | True |         10.0.2.15          | 255.255.255.0 |   .   | 02:dd:f6:ca:b5:3d |
[[0;32m  OK  [0m] Reached target System Initialization.
[[   24.478230] cloud-init[985]: ci-info: | enp0s3 | True | fe80::dd:f6ff:feca:b53d/64 |       .       |  link | 02:dd:f6:ca:b5:3d |
[   24.492016] cloud-init[985]: ci-info: |   lo   | True |         127.0.0.1          |   255.0.0.0   |   .   |         .         |
[   24.495552] cloud-init[985]: ci-info: |   lo   | True |          ::1/128           |       .       |  host |         .         |
[   24.495594] cloud-init[985]: ci-info: +--------+------+----------------------------+---------------+-------+-------------------+
[0;32m  OK  [0m] Listening on UUID daemon activation socket.
[   24.495974] cloud-init[985]: ci-info: +++++++++++++++++++++++++++Route IPv4 info++++++++++++++++++++++++++++
[   24.848643] cloud-init[985]: ci-info: +-------+-------------+----------+---------------+-----------+-------+
[   24.849101] cloud-init[985]: ci-info: | Route | Destination | Gateway  |    Genmask    | Interface | Flags |
[[0;32m  OK  [0m] Started Daily apt download activities.
[[   24.849610] cloud-init[985]: ci-info: +-------+-------------+----------+---------------+-----------+-------+
[   25.081470] cloud-init[985]: ci-info: |   0   |   0.0.0.0   | 10.0.2.2 |    0.0.0.0    |   enp0s3  |   UG  |
[0;32m  OK  [0m] Listening on D-Bus System Message Bus Socket.
[   25.081661] cloud-init[985]: ci-info: |   1   |   10.0.2.0  | 0.0.0.0  | 255.255.255.0 |   enp0s3  |   U   |
[   25.429680] cloud-init[985]: ci-info: +-------+-------------+----------+---------------+-----------+-------+
         Starting LXD - unix socket.
         Starting Socket activation for snappy daemon.
[[0;32m  OK  [0m] Started Daily Cleanup of Temporary Directories.
[[0;32m  OK  [0m] Listening on ACPID Listen Socket.
[[0;32m  OK  [0m] Started ACPI Events Check.
[[0;32m  OK  [0m] Reached target Paths.
[[0;32m  OK  [0m] Started Daily apt upgrade and clean activities.
[[0;32m  OK  [0m] Reached target Timers.
[[0;32m  OK  [0m] Reached target Network is Online.
         Starting iSCSI initiator daemon (iscsid)...
[[0;32m  OK  [0m] Reached target Cloud-config availability.
[[0;32m  OK  [0m] Listening on LXD - unix socket.
[[0;32m  OK  [0m] Listening on Socket activation for snappy daemon.
[[0;32m  OK  [0m] Reached target Sockets.
[[0;32m  OK  [0m] Reached target Basic System.
[[0;32m  OK  [0m] Started ACPI event daemon.
         Starting Apply the settings specified in cloud-config...
         Starting LSB: Record successful boot for GRUB...
[[0;32m  OK  [0m] Started Unattended Upgrades Shutdown.
         Starting System Logging Service...
         Starting LSB: MD monitoring daemon...
         Starting A high performance web server and a reverse proxy server...
         Starting Login Service...
         Starting MySQL Community Server...
[   26.517614] cloud-init[1043]: Cloud-init v. 18.2 running 'modules:config' at Tue, 07 Aug 2018 06:08:12 +0000. Up 26.37 seconds.
[[0;32m  OK  [0m] Started Deferred execution scheduler.
         Starting /etc/rc.local Compatibility...
         Starting OpenBSD Secure Shell server...
[[0;32m  OK  [0m] Started D-Bus System Message Bus.
         Starting Snappy daemon...
         Starting Virtualbox guest utils...
         Starting Accounts Service...
[[0;32m  OK  [0m] Started Regular background program processing daemon.
[[0;32m  OK  [0m] Started FUSE filesystem for LXC.
         Starting LXD - container startup/shutdown...
[[0;32m  OK  [0m] Started System Logging Service.
[[0;32m  OK  [0m] Started OpenBSD Secure Shell server.
[[0;32m  OK  [0m] Started Snappy daemon.
[[0;32m  OK  [0m] Started iSCSI initiator daemon (iscsid).
[[0;32m  OK  [0m] Started Apply the settings specified in cloud-config.
[[0;32m  OK  [0m] Started /etc/rc.local Compatibility.
[[0;32m  OK  [0m] Started LXD - container startup/shutdown.
[[0;32m  OK  [0m] Started A high performance web server and a reverse proxy server.
[[0;32m  OK  [0m] Started LSB: Record successful boot for GRUB.
[[0;32m  OK  [0m] Started LSB: MD monitoring daemon.
[[0;32m  OK  [0m] Started Login Service.
         Starting Authenticate and Authorize Users to Run Privileged Tasks...
         Starting Login to default iSCSI targets...
         Starting Wait until snapd is fully seeded...
[[0;32m  OK  [0m] Started Virtualbox guest utils.
[[0;32m  OK  [0m] Started Wait until snapd is fully seeded.
[[0;32m  OK  [0m] Started Authenticate and Authorize Users to Run Privileged Tasks.
[[0;32m  OK  [0m] Started Accounts Service.
[[0;32m  OK  [0m] Started Login to default iSCSI targets.
[[0;32m  OK  [0m] Reached target Remote File Systems (Pre).
[[0;32m  OK  [0m] Reached target Remote File Systems.
         Starting Permit User Sessions...
         Starting LSB: automatic crash report generation...
         Starting LSB: Set the CPU Frequency Scaling governor to "ondemand"...
         Starting LSB: daemon to balance interrupts for SMP systems...
[[0;32m  OK  [0m] Started Permit User Sessions.
         Starting Hold until boot process finishes up...
         Starting Terminate Plymouth Boot Screen...
[[0;32m  OK  [0m] Started LSB: automatic crash report generation.
[[0;32m  OK  [0m] Started LSB: Set the CPU Frequency Scaling governor to "ondemand".
[[0;32m  OK  [0m] Started LSB: daemon to balance interrupts for SMP systems.
[[0;32m  OK  [0m] Started Hold until boot process finishes up.
[[0;32m  OK  [0m] Started Terminate Plymouth Boot Screen.
[[0;32m  OK  [0m] Created slice User Slice of vagrant.
         Starting User Manager for UID 1000...
[[0;32m  OK  [0m] Started Session 1 of user vagrant.
[[0;32m  OK  [0m] Started Serial Getty on ttyS0.
         Starting Set console scheme...
[[0;32m  OK  [0m] Started Getty on tty1.
[[0;32m  OK  [0m] Reached target Login Prompts.
[[0;32m  OK  [0m] Started User Manager for UID 1000.
[[0;32m  OK  [0m] Started MySQL Community Server.
[[0;32m  OK  [0m] Started Set console scheme.
[[0;32m  OK  [0m] Reached target Multi-User System.
[[0;32m  OK  [0m] Reached target Graphical Interface.
         Starting Update UTMP about System Runlevel Changes...
         Starting Execute cloud user/final scripts...
[[0;32m  OK  [0m] Started Update UTMP about System Runlevel Changes.
[   29.610508] cloud-init[1287]: Cloud-init v. 18.2 running 'modules:final' at Tue, 07 Aug 2018 06:08:15 +0000. Up 29.35 seconds.
[   29.633078] cloud-init[1287]: Cloud-init v. 18.2 finished at Tue, 07 Aug 2018 06:08:16 +0000. Datasource DataSourceNoCloud [seed=/dev/sdb][dsmode=net].  Up 29.60 seconds
[[0;32m  OK  [0m] Started Execute cloud user/final scripts.
[[0;32m  OK  [0m] Reached target Cloud-init target.
         Starting Daily apt download activities...
         Stopping User Manager for UID 1000...
[[0;32m  OK  [0m] Stopped User Manager for UID 1000.
[[0;32m  OK  [0m] Removed slice User Slice of vagrant.

Ubuntu 16.04.4 LTS ubuntu-xenial ttyS0

ubuntu-xenial login: [[0;32m  OK  [0m] Stopped target Graphical Inte         Stopping LSB: Set the CPU Frequency Scaling governor to "ondemand"...
         Stopping LSB: Record successful boot for GRUB...
         Stopping D-Bus System Message Bus...
         Stopping LSB: daemon to balance interrupts for SMP systems...
         Stopping LXD - container startup/shutdown...
         Stopping System Logging Service...
         Stopping Snappy daemon...
         Stopping OpenBSD Secure Shell server...
         Stopping Virtualbox guest utils...
         Stopping ACPI event daemon...
         Stopping Session 6 of user vagrant.
[[0;32m  OK  [0m] Unmounted /var/lib/lxcfs.
[[0;32m  OK  [0m] Stopped System Logging Service.
[[0;32m  OK  [0m] Stopped Deferred execution scheduler.
[[0;32m  OK  [0m] Stopped ACPI event daemon.
[[0;32m  OK  [0m] Stopped OpenBSD Secure Shell server.
[[0;32m  OK  [0m] Stopped Snappy daemon.
[[0;32m  OK  [0m] Stopped Accounts Service.
[[0;32m  OK  [0m] Stopped Regular background program processing daemon.
[[0;32m  OK  [0m] Stopped Authenticate and Authorize Users to Run Privileged Tasks.
[[0;32m  OK  [0m] Stopped Serial Getty on ttyS0.
[[0;32m  OK  [0m] Stopped Getty on tty1.
[[0;32m  OK  [0m] Stopped User Manager for UID 1000.
[[0;32m  OK  [0m] Stopped Unattended Upgrades Shutdown.
[[0;32m  OK  [0m] Stopped D-Bus System Message Bus.
[[0;32m  OK  [0m] Stopped Session 6 of user vagrant.
[[0;32m  OK  [0m] Stopped FUSE filesystem for LXC.
[[0;32m  OK  [0m] Stopped LSB: MD monitoring daemon.
[[0;32m  OK  [0m] Stopped LSB: Set the CPU Frequency Scaling governor to "ondemand".
[[0;32m  OK  [0m] Stopped LSB: automatic crash report generation.
[[0;32m  OK  [0m] Stopped LSB: Record successful boot for GRUB.
[[0;32m  OK  [0m] Stopped LXD - container startup/shutdown.
[[0;32m  OK  [0m] Stopped LSB: daemon to balance interrupts for SMP systems.
[[0;32m  OK  [0m] Stopped Virtualbox guest utils.
[[0;32m  OK  [0m] Removed slice User Slice of vagrant.
         Stopping Login Service...
[[0;32m  OK  [0m] Removed slice system-getty.slice.
[[0;32m  OK  [0m] Stopped /etc/rc.local Compatibility.
         Stopping Permit User Sessions...
[[0;32m  OK  [0m] Removed slice system-serial\x2dgetty.slice.
[[0;32m  OK  [0m] Stopped Login Service.
[[0;32m  OK  [0m] Stopped Permit User Sessions.
[[0;32m  OK  [0m] Stopped target Remote File Systems.
[[0;32m  OK  [0m] Stopped target Remote File Systems (Pre).
         Stopping Login to default iSCSI targets...
[[0;32m  OK  [0m] Stopped target User and Group Name Lookups.
[[0;32m  OK  [0m] Stopped Login to default iSCSI targets.
         Stopping iSCSI initiator daemon (iscsid)...
[[0;32m  OK  [0m] Stopped iSCSI initiator daemon (iscsid).
[[0;32m  OK  [0m] Stopped target Network is Online.
[[0;32m  OK  [0m] Stopped MySQL Community Server.
[[0;32m  OK  [0m] Stopped target Basic System.
[[0;32m  OK  [0m] Stopped target Paths.
[[0;32m  OK  [0m] Stopped Dispatch Password Requests to Console Directory Watch.
[[0;32m  OK  [0m] Stopped ACPI Events Check.
[[0;32m  OK  [0m] Stopped Forward Password Requests to Wall Directory Watch.
[[0;32m  OK  [0m] Stopped target Sockets.
[[0;32m  OK  [0m] Closed ACPID Listen Socket.
[[0;32m  OK  [0m] Closed Syslog Socket.
[[0;32m  OK  [0m] Closed UUID daemon activation socket.
[[0;32m  OK  [0m] Closed D-Bus System Message Bus Socket.
[[0;32m  OK  [0m] Closed Socket activation for snappy daemon.
[[0;32m  OK  [0m] Closed LXD - unix socket.
[[0;32m  OK  [0m] Stopped target Slices.
[[0;32m  OK  [0m] Removed slice User and Session Slice.
[[0;32m  OK  [0m] Stopped target Network.
[[0;32m  OK  [0m] Stopped target System Initialization.
[[0;32m  OK  [0m] Stopped Initial cloud-init job (metadata service crawler).
         Stopping Raise network interfaces...
[[0;32m  OK  [0m] Stopped target Swap.
[[0;32m  OK  [0m] Stopped target Encrypted Volumes.
         Stopping Update UTMP about System Boot/Shutdown...
         Stopping Load/Save Random Seed...
[[0;32m  OK  [0m] Stopped Load/Save Random Seed.
[[0;32m  OK  [0m] Stopped Update UTMP about System Boot/Shutdown.
[[0;32m  OK  [0m] Stopped Create Volatile Files and Directories.
[[0;32m  OK  [0m] Stopped Raise network interfaces.
[[0;32m  OK  [0m] Stopped target Local File Systems.
         Unmounting /run/user/1000...
         Unmounting /vagrant...
[[0;32m  OK  [0m] Stopped target Network (Pre).
[[0;32m  OK  [0m] Stopped Initial cloud-init job (pre-networking).
[[0;32m  OK  [0m] Stopped Apply Kernel Variables.
[[0;32m  OK  [0m] Stopped Load Kernel Modules.
[[0;32m  OK  [0m] Unmounted /run/user/1000.
[[0;32m  OK  [0m] Unmounted /vagrant.
[[0;32m  OK  [0m] Reached target Unmount All Filesystems.
[[0;32m  OK  [0m] Stopped target Local File Systems (Pre).
         Stopping Monitoring of LVM2 mirrors... dmeventd or progress polling...
[[0;32m  OK  [0m] Stopped Create Static Device Nodes in /dev.
[[0;32m  OK  [0m] Stopped Remount Root and Kernel File Systems.
[[0;32m  OK  [0m] Reached target Shutdown.
[ 6058.114013] reboot: Power down
